\BOOKMARK [0][]{chapter.1}{1 Einf\374hrung}{}% 1
\BOOKMARK [1][-]{section.1.1}{1.1 Motivation}{chapter.1}% 2
\BOOKMARK [1][-]{section.1.2}{1.2 Ziel der Arbeit}{chapter.1}% 3
\BOOKMARK [0][]{chapter.2}{2 Theoretische Grundlagen}{}% 4
\BOOKMARK [1][-]{section.2.1}{2.1 VueJS}{chapter.2}% 5
\BOOKMARK [2][-]{subsection.2.1.1}{2.1.1 Framework}{section.2.1}% 6
\BOOKMARK [2][-]{subsection.2.1.2}{2.1.2 Funktionsweise/Anwendung}{section.2.1}% 7
\BOOKMARK [2][-]{subsection.2.1.3}{2.1.3 Reactive Programming}{section.2.1}% 8
\BOOKMARK [2][-]{subsection.2.1.4}{2.1.4 Andere Frameworks}{section.2.1}% 9
\BOOKMARK [1][-]{section.2.2}{2.2 Architekturmuster Model-View-ViewModel}{chapter.2}% 10
\BOOKMARK [2][-]{subsection.2.2.1}{2.2.1 Motivation}{section.2.2}% 11
\BOOKMARK [2][-]{subsection.2.2.2}{2.2.2 Model-View-ViewModel}{section.2.2}% 12
\BOOKMARK [2][-]{subsection.2.2.3}{2.2.3 Verwandte Architekturmuster}{section.2.2}% 13
\BOOKMARK [2][-]{subsection.2.2.4}{2.2.4 Fazit}{section.2.2}% 14
\BOOKMARK [0][]{chapter.3}{3 Requirements Gesamtsystem}{}% 15
\BOOKMARK [1][-]{section.3.1}{3.1 Top-Level Requirement}{chapter.3}% 16
\BOOKMARK [1][-]{section.3.2}{3.2 Geforderte Anwendungf\344lle}{chapter.3}% 17
\BOOKMARK [2][-]{subsection.3.2.1}{3.2.1 Anforderungen an die technischen Funktionen}{section.3.2}% 18
\BOOKMARK [0][]{chapter.4}{4 Teilsystem Visualisierung}{}% 19
\BOOKMARK [1][-]{section.4.1}{4.1 Anforderungen an das Teilsystem}{chapter.4}% 20
\BOOKMARK [1][-]{section.4.2}{4.2 Anwendungsfall Teilsystem}{chapter.4}% 21
\BOOKMARK [0][]{chapter.5}{5 Anforderungsanalyse}{}% 22
\BOOKMARK [1][-]{section.5.1}{5.1 Anwendungsfalldiagramme}{chapter.5}% 23
\BOOKMARK [2][-]{subsection.5.1.1}{5.1.1 Kurzbeschreibung der Anwendungsf\344lle}{section.5.1}% 24
\BOOKMARK [2][-]{subsection.5.1.2}{5.1.2 Langbeschreibung der Anwendungsf\344lle}{section.5.1}% 25
\BOOKMARK [0][]{chapter.6}{6 Systementwurf}{}% 26
\BOOKMARK [1][-]{section.6.1}{6.1 Mockups}{chapter.6}% 27
\BOOKMARK [1][-]{section.6.2}{6.2 Architektur}{chapter.6}% 28
\BOOKMARK [1][-]{section.6.3}{6.3 Verwendete Technologien}{chapter.6}% 29
\BOOKMARK [0][]{chapter.7}{7 Implementierung}{}% 30
\BOOKMARK [1][-]{section.7.1}{7.1 Analysieren und Auswerten der Tracking Daten}{chapter.7}% 31
\BOOKMARK [1][-]{section.7.2}{7.2 Darstellung Fahrbahn}{chapter.7}% 32
\BOOKMARK [1][-]{section.7.3}{7.3 WebSockets Kommunikation}{chapter.7}% 33
\BOOKMARK [1][-]{section.7.4}{7.4 Bluetooth Verbindung zu Modellfahrzeugen}{chapter.7}% 34
\BOOKMARK [0][]{chapter.8}{8 Zusammenfassung/Ausblick}{}% 35
